<?xml version="1.0" encoding="UTF-8"?>
<!-- Generated by org.testng.reporters.JUnitReportReporter -->
<testsuite hostname="DESKTOP-H4I3TSP" failures="0" tests="1" name="class19_abstract_interfaces.AssetionTest" time="0.008" errors="0" timestamp="2024-11-09T18:54:45 IST" skipped="0">
  <testcase classname="class19_abstract_interfaces.AssetionTest" name="test1" time="0.008"/>
  <system-out/>
</testsuite> <!-- class19_abstract_interfaces.AssetionTest -->
